<?xml version="1.0" encoding="UTF-8"?>
<!-- Generated by org.testng.reporters.JUnitReportReporter -->
<testsuite skipped="0" hostname="Admin-PC" name="com.prudential.tests.TC001_Validation" tests="2" failures="0" timestamp="02 Oct 2018 15:07:13 GMT" time="23.039" errors="0">
  <testcase name="launchApplication" time="22.613" classname="com.prudential.tests.TC001_Validation"/>
  <testcase name="validation" time="0.426" classname="com.prudential.tests.TC001_Validation"/>
</testsuite> <!-- com.prudential.tests.TC001_Validation -->
