<?xml version="1.0" encoding="UTF-8"?>
<!-- Generated by org.testng.reporters.JUnitReportReporter -->
<testsuite skipped="0" hostname="Admin-PC" name="com.prudential.tests.TC003_ValidCity" tests="2" failures="0" timestamp="02 Oct 2018 15:07:13 GMT" time="52.905" errors="0">
  <testcase name="launchApplication" time="22.634" classname="com.prudential.tests.TC003_ValidCity"/>
  <testcase name="searchFunctionality" time="30.271" classname="com.prudential.tests.TC003_ValidCity"/>
</testsuite> <!-- com.prudential.tests.TC003_ValidCity -->
