<?xml version="1.0" encoding="UTF-8"?>
<!-- Generated by org.testng.reporters.JUnitReportReporter -->
<testsuite skipped="0" hostname="Admin-PC" name="com.prudential.tests.TC005_WrongData" tests="2" failures="0" timestamp="02 Oct 2018 15:07:13 GMT" time="28.609" errors="0">
  <testcase name="launchApplication" time="21.630" classname="com.prudential.tests.TC005_WrongData"/>
  <testcase name="wrongDataFunctionality" time="6.979" classname="com.prudential.tests.TC005_WrongData"/>
</testsuite> <!-- com.prudential.tests.TC005_WrongData -->
