<?xml version="1.0" encoding="UTF-8"?>
<!-- Generated by org.testng.reporters.JUnitReportReporter -->
<testsuite skipped="0" hostname="Admin-PC" name="com.prudential.tests.TC004_CurrentLocation" tests="2" failures="0" timestamp="02 Oct 2018 15:07:13 GMT" time="102.939" errors="0">
  <testcase name="launchApplication" time="21.373" classname="com.prudential.tests.TC004_CurrentLocation"/>
  <testcase name="currenLocationFunctionality" time="81.566" classname="com.prudential.tests.TC004_CurrentLocation"/>
</testsuite> <!-- com.prudential.tests.TC004_CurrentLocation -->
