<?xml version="1.0" encoding="UTF-8"?>
<!-- Generated by org.testng.reporters.JUnitReportReporter -->
<testsuite skipped="0" hostname="Admin-PC" name="com.prudential.tests.TC002_InvalidCity" tests="2" failures="0" timestamp="02 Oct 2018 15:07:13 GMT" time="58.439" errors="0">
  <testcase name="launchApplication" time="14.359" classname="com.prudential.tests.TC002_InvalidCity"/>
  <testcase name="searchFunctionality" time="44.080" classname="com.prudential.tests.TC002_InvalidCity"/>
</testsuite> <!-- com.prudential.tests.TC002_InvalidCity -->
